<?xml version="1.0" encoding="UTF-8"?>
<!-- Generated by org.testng.reporters.JUnitXMLReporter -->
<testsuite ignored="1" hostname="LAVA-DESKTOP" failures="2" tests="4" name="Test" time="54.305" errors="0" timestamp="2024-05-05T13:56:34 IST">
  <testcase classname="testCases.TC_001_NewAccountTest" name="Verify_NewAccount" time="8.302"/>
  <testcase classname="testCases.TC_003_LoginDDT" name="verify_LoginDDT" time="7.125">
    <failure type="java.lang.AssertionError" message="expected [true] but found [false]">
      <![CDATA[java.lang.AssertionError: expected [true] but found [false]
at testCases.TC_003_LoginDDT.verify_LoginDDT(TC_003_LoginDDT.java:36)
at java.base/java.util.ArrayList.forEach(ArrayList.java:1511)
... Removed 31 stack frames]]>
    </failure>
  </testcase> <!-- verify_LoginDDT -->
  <testcase classname="testCases.TC_003_LoginDDT" name="verify_LoginDDT" time="7.221">
    <failure type="java.lang.AssertionError" message="expected [true] but found [false]">
      <![CDATA[java.lang.AssertionError: expected [true] but found [false]
at testCases.TC_003_LoginDDT.verify_LoginDDT(TC_003_LoginDDT.java:36)
at java.base/java.util.ArrayList.forEach(ArrayList.java:1511)
... Removed 31 stack frames]]>
    </failure>
  </testcase> <!-- verify_LoginDDT -->
  <testcase classname="testCases.TC_003_LoginDDT" name="verify_LoginDDT" time="8.697"/>
  <testcase classname="testCases.TC_002_LoginTest" name="Verify_Login" time="0.0">
    <ignored/>
  </testcase> <!-- Verify_Login -->
</testsuite> <!-- Test -->
